{
  "stats": {
    "suites": 1,
    "tests": 1,
    "passes": 1,
    "pending": 0,
    "failures": 0,
    "start": "2025-12-15T10:19:49.267Z",
    "end": "2025-12-15T10:20:06.558Z",
    "duration": 17291,
    "testsRegistered": 1,
    "passPercent": 100,
    "pendingPercent": 0,
    "other": 0,
    "hasOther": false,
    "skipped": 0,
    "hasSkipped": false
  },
  "results": [
    {
      "uuid": "d4cccf03-7282-471d-8d13-222f59c01a40",
      "title": "",
      "fullFile": "cypress\\e2e\\inara.cy.js",
      "file": "cypress\\e2e\\inara.cy.js",
      "beforeHooks": [],
      "afterHooks": [],
      "tests": [],
      "suites": [
        {
          "uuid": "b64d02f8-9f31-4820-821d-05933ea4096f",
          "title": "Inara Login ",
          "fullFile": "",
          "file": "",
          "beforeHooks": [],
          "afterHooks": [],
          "tests": [
            {
              "title": "Login Test Case",
              "fullTitle": "Inara Login  Login Test Case",
              "timedOut": null,
              "duration": 12724,
              "state": "passed",
              "speed": "slow",
              "pass": true,
              "fail": false,
              "pending": false,
              "context": null,
              "code": "cy.visit('http://100.64.34.39:8005/login?redirect-to=%2F#login', {\n  headers: {\n    \"Accept-Encoding\": \"gzip, deflate\"\n  }\n});\n//Clear the feilds\ncy.get('#login_email').clear();\ncy.get('#login_password').clear();\n// intercept login API call\ncy.intercept('POST', '/login').as('loginRequest');\n// Login\ncy.get('#login_email').type('administrator');\ncy.get('#login_password').type('admin');\ncy.get('#page-login > div > main > div.page_content > div > section.for-login > div.login-content.page-card > form > div > div.page-card-actions > button').click();\n// wait for login request to finish and assert it returned success\ncy.wait('@loginRequest').its('response.statusCode').should('eq', 200);\ncy.url().should('not.include', '/login');\n// Assert successful login (redirect to dashboard/home)\ncy.url().should('eq', 'http://100.64.34.39:8005/');",
              "err": {},
              "uuid": "73114c99-d5c4-444f-b91e-0b78037a433b",
              "parentUUID": "b64d02f8-9f31-4820-821d-05933ea4096f",
              "isHook": false,
              "skipped": false
            }
          ],
          "suites": [],
          "passes": [
            "73114c99-d5c4-444f-b91e-0b78037a433b"
          ],
          "failures": [],
          "pending": [],
          "skipped": [],
          "duration": 12724,
          "root": false,
          "rootEmpty": false,
          "_timeout": 2000
        }
      ],
      "passes": [],
      "failures": [],
      "pending": [],
      "skipped": [],
      "duration": 0,
      "root": true,
      "rootEmpty": true,
      "_timeout": 2000
    }
  ],
  "meta": {
    "mocha": {
      "version": "7.2.0"
    },
    "mochawesome": {
      "options": {
        "quiet": false,
        "reportFilename": "mochawesome",
        "saveHtml": true,
        "saveJson": true,
        "consoleReporter": "spec",
        "useInlineDiffs": false,
        "code": true
      },
      "version": "7.1.4"
    },
    "marge": {
      "options": {
        "reportDir": "cypress/reports",
        "overwrite": false,
        "html": true,
        "json": true
      },
      "version": "6.3.2"
    }
  }
}